[debug] [2024-10-21T17:01:39.985Z] ----------------------------------------------------------------------
[debug] [2024-10-21T17:01:39.989Z] Command:       C:\Program Files\nodejs\node.exe C:\Users\sandr\AppData\Roaming\npm\node_modules\firebase-tools\lib\bin\firebase.js init
[debug] [2024-10-21T17:01:39.989Z] CLI Version:   13.22.1
[debug] [2024-10-21T17:01:39.990Z] Platform:      win32
[debug] [2024-10-21T17:01:39.990Z] Node Version:  v20.17.0
[debug] [2024-10-21T17:01:39.990Z] Time:          Mon Oct 21 2024 14:01:39 GMT-0300 (Horário Padrão de Brasília)
[debug] [2024-10-21T17:01:39.990Z] ----------------------------------------------------------------------
[debug] 
[debug] [2024-10-21T17:01:39.995Z] >>> [apiv2][query] GET https://firebase-public.firebaseio.com/cli.json [none]
[debug] [2024-10-21T17:01:40.053Z] > command requires scopes: ["email","openid","https://www.googleapis.com/auth/cloudplatformprojects.readonly","https://www.googleapis.com/auth/firebase","https://www.googleapis.com/auth/cloud-platform"]
[debug] [2024-10-21T17:01:40.053Z] > authorizing via signed-in user (sandroeduardopradovolski@gmail.com)
[info] 
     ######## #### ########  ######## ########     ###     ######  ########
     ##        ##  ##     ## ##       ##     ##  ##   ##  ##       ##
     ######    ##  ########  ######   ########  #########  ######  ######
     ##        ##  ##    ##  ##       ##     ## ##     ##       ## ##
     ##       #### ##     ## ######## ########  ##     ##  ######  ########

You're about to initialize a Firebase project in this directory:

  C:\Users\sandr\OneDrive\Área de Trabalho\EstagioEscolaMusica\my-app

[debug] [2024-10-21T17:01:40.427Z] <<< [apiv2][status] GET https://firebase-public.firebaseio.com/cli.json 200
[debug] [2024-10-21T17:01:40.428Z] <<< [apiv2][body] GET https://firebase-public.firebaseio.com/cli.json {"cloudBuildErrorAfter":1594252800000,"cloudBuildWarnAfter":1590019200000,"defaultNode10After":1594252800000,"minVersion":"3.0.5","node8DeploysDisabledAfter":1613390400000,"node8RuntimeDisabledAfter":1615809600000,"node8WarnAfter":1600128000000}
[info] 
=== Project Setup
[info] 
[info] First, let's associate this project directory with a Firebase project.
[info] You can create multiple project aliases by running firebase use --add, 
[info] but for now we'll just set up a default project.
[info] 
[debug] [2024-10-21T17:02:19.547Z] Checked if tokens are valid: false, expires at: 1706279708033
[debug] [2024-10-21T17:02:19.547Z] Checked if tokens are valid: false, expires at: 1706279708033
[debug] [2024-10-21T17:02:19.547Z] > refreshing access token with scopes: []
[debug] [2024-10-21T17:02:19.548Z] >>> [apiv2][query] POST https://www.googleapis.com/oauth2/v3/token [none]
[debug] [2024-10-21T17:02:19.548Z] >>> [apiv2][body] POST https://www.googleapis.com/oauth2/v3/token [omitted]
[debug] [2024-10-21T17:02:19.775Z] <<< [apiv2][status] POST https://www.googleapis.com/oauth2/v3/token 400
[debug] [2024-10-21T17:02:19.775Z] <<< [apiv2][body] POST https://www.googleapis.com/oauth2/v3/token [omitted]
[debug] [2024-10-21T17:02:19.776Z] >>> [apiv2][query] GET https://firebase.googleapis.com/v1beta1/projects pageSize=100
[debug] [2024-10-21T17:02:19.983Z] <<< [apiv2][status] GET https://firebase.googleapis.com/v1beta1/projects 401
[debug] [2024-10-21T17:02:19.983Z] <<< [apiv2][body] GET https://firebase.googleapis.com/v1beta1/projects [omitted]
[debug] [2024-10-21T17:02:19.983Z] Got a 401 Unauthenticated error for a call that required authentication. Refreshing tokens.
[debug] [2024-10-21T17:02:19.983Z] Checked if tokens are valid: false, expires at: 1706279708033
[debug] [2024-10-21T17:02:19.983Z] Checked if tokens are valid: false, expires at: 1706279708033
[debug] [2024-10-21T17:02:19.983Z] > refreshing access token with scopes: []
[debug] [2024-10-21T17:02:19.984Z] >>> [apiv2][query] POST https://www.googleapis.com/oauth2/v3/token [none]
[debug] [2024-10-21T17:02:19.984Z] >>> [apiv2][body] POST https://www.googleapis.com/oauth2/v3/token [omitted]
[debug] [2024-10-21T17:02:20.077Z] <<< [apiv2][status] POST https://www.googleapis.com/oauth2/v3/token 400
[debug] [2024-10-21T17:02:20.077Z] <<< [apiv2][body] POST https://www.googleapis.com/oauth2/v3/token [omitted]
[debug] [2024-10-21T17:02:20.078Z] HTTP Error: 401, Request had invalid authentication credentials. Expected OAuth 2 access token, login cookie or other valid authentication credential. See https://developers.google.com/identity/sign-in/web/devconsole-project.
[debug] [2024-10-21T17:02:20.255Z] FirebaseError: HTTP Error: 401, Request had invalid authentication credentials. Expected OAuth 2 access token, login cookie or other valid authentication credential. See https://developers.google.com/identity/sign-in/web/devconsole-project.
    at responseToError (C:\Users\sandr\AppData\Roaming\npm\node_modules\firebase-tools\lib\responseToError.js:49:12)
    at RetryOperation._fn (C:\Users\sandr\AppData\Roaming\npm\node_modules\firebase-tools\lib\apiv2.js:312:77)
    at process.processTicksAndRejections (node:internal/process/task_queues:95:5)
[error] 
[error] Error: Failed to list Firebase projects. See firebase-debug.log for more info.
[debug] [2024-10-21T17:02:27.166Z] ----------------------------------------------------------------------
[debug] [2024-10-21T17:02:27.169Z] Command:       C:\Program Files\nodejs\node.exe C:\Users\sandr\AppData\Roaming\npm\node_modules\firebase-tools\lib\bin\firebase.js init
[debug] [2024-10-21T17:02:27.169Z] CLI Version:   13.22.1
[debug] [2024-10-21T17:02:27.170Z] Platform:      win32
[debug] [2024-10-21T17:02:27.170Z] Node Version:  v20.17.0
[debug] [2024-10-21T17:02:27.170Z] Time:          Mon Oct 21 2024 14:02:27 GMT-0300 (Horário Padrão de Brasília)
[debug] [2024-10-21T17:02:27.170Z] ----------------------------------------------------------------------
[debug] 
[debug] [2024-10-21T17:02:27.177Z] > command requires scopes: ["email","openid","https://www.googleapis.com/auth/cloudplatformprojects.readonly","https://www.googleapis.com/auth/firebase","https://www.googleapis.com/auth/cloud-platform"]
[debug] [2024-10-21T17:02:27.177Z] > authorizing via signed-in user (sandroeduardopradovolski@gmail.com)
[info] 
     ######## #### ########  ######## ########     ###     ######  ########
     ##        ##  ##     ## ##       ##     ##  ##   ##  ##       ##
     ######    ##  ########  ######   ########  #########  ######  ######
     ##        ##  ##    ##  ##       ##     ## ##     ##       ## ##
     ##       #### ##     ## ######## ########  ##     ##  ######  ########

You're about to initialize a Firebase project in this directory:

  C:\Users\sandr\OneDrive\Área de Trabalho\EstagioEscolaMusica\my-app

[info] 
=== Project Setup
[info] 
[info] First, let's associate this project directory with a Firebase project.
[info] You can create multiple project aliases by running firebase use --add, 
[info] but for now we'll just set up a default project.
[info] 
[info] i  If you want to create a project in a Google Cloud organization or folder, please use "firebase projects:create" instead, and return to this command when you've created the project. 
[debug] [2024-10-21T17:02:59.489Z] Checked if tokens are valid: false, expires at: 1706279708033
[debug] [2024-10-21T17:02:59.489Z] Checked if tokens are valid: false, expires at: 1706279708033
[debug] [2024-10-21T17:02:59.489Z] > refreshing access token with scopes: []
[debug] [2024-10-21T17:02:59.491Z] >>> [apiv2][query] POST https://www.googleapis.com/oauth2/v3/token [none]
[debug] [2024-10-21T17:02:59.491Z] >>> [apiv2][body] POST https://www.googleapis.com/oauth2/v3/token [omitted]
[debug] [2024-10-21T17:02:59.784Z] <<< [apiv2][status] POST https://www.googleapis.com/oauth2/v3/token 400
[debug] [2024-10-21T17:02:59.785Z] <<< [apiv2][body] POST https://www.googleapis.com/oauth2/v3/token [omitted]
[debug] [2024-10-21T17:02:59.787Z] >>> [apiv2][query] POST https://cloudresourcemanager.googleapis.com/v1/projects [none]
[debug] [2024-10-21T17:02:59.787Z] >>> [apiv2][body] POST https://cloudresourcemanager.googleapis.com/v1/projects {"projectId":"escolademusicasandrovolski","name":"escolademusicasandrovolski"}
[debug] [2024-10-21T17:03:00.650Z] <<< [apiv2][status] POST https://cloudresourcemanager.googleapis.com/v1/projects 401
[debug] [2024-10-21T17:03:00.650Z] <<< [apiv2][body] POST https://cloudresourcemanager.googleapis.com/v1/projects {"error":{"code":401,"message":"Request had invalid authentication credentials. Expected OAuth 2 access token, login cookie or other valid authentication credential. See https://developers.google.com/identity/sign-in/web/devconsole-project.","status":"UNAUTHENTICATED","details":[{"@type":"type.googleapis.com/google.rpc.ErrorInfo","reason":"ACCESS_TOKEN_TYPE_UNSUPPORTED","metadata":{"method":"google.cloudresourcemanager.v1.Projects.CreateProject","service":"cloudresourcemanager.googleapis.com"}}]}}
[debug] [2024-10-21T17:03:00.651Z] Got a 401 Unauthenticated error for a call that required authentication. Refreshing tokens.
[debug] [2024-10-21T17:03:00.651Z] Checked if tokens are valid: false, expires at: 1706279708033
[debug] [2024-10-21T17:03:00.651Z] Checked if tokens are valid: false, expires at: 1706279708033
[debug] [2024-10-21T17:03:00.651Z] > refreshing access token with scopes: []
[debug] [2024-10-21T17:03:00.652Z] >>> [apiv2][query] POST https://www.googleapis.com/oauth2/v3/token [none]
[debug] [2024-10-21T17:03:00.652Z] >>> [apiv2][body] POST https://www.googleapis.com/oauth2/v3/token [omitted]
[debug] [2024-10-21T17:03:00.745Z] <<< [apiv2][status] POST https://www.googleapis.com/oauth2/v3/token 400
[debug] [2024-10-21T17:03:00.745Z] <<< [apiv2][body] POST https://www.googleapis.com/oauth2/v3/token [omitted]
[debug] [2024-10-21T17:03:00.948Z] FirebaseError: HTTP Error: 401, Request had invalid authentication credentials. Expected OAuth 2 access token, login cookie or other valid authentication credential. See https://developers.google.com/identity/sign-in/web/devconsole-project.
    at responseToError (C:\Users\sandr\AppData\Roaming\npm\node_modules\firebase-tools\lib\responseToError.js:49:12)
    at RetryOperation._fn (C:\Users\sandr\AppData\Roaming\npm\node_modules\firebase-tools\lib\apiv2.js:312:77)
    at process.processTicksAndRejections (node:internal/process/task_queues:95:5)
[error] 
[error] Error: Failed to create project. See firebase-debug.log for more info.
